# JRE version: OpenJDK Runtime Environment Temurin-21.0.7+6 (21.0.7+6) (build 21.0.7+6-LTS)
# Java VM: OpenJDK 64-Bit Server VM Temurin-21.0.7+6 (21.0.7+6-LTS, mixed mode, emulated-client, sharing, tiered, compressed oops, compressed class ptrs, g1 gc, windows-amd64)
GC Precious Log:
 CardTable entry size: 512
 Card Set container configuration: InlinePtr #cards 5 size 8 Array Of Cards #cards 12 size 40 Howl #buckets 4 coarsen threshold 1843 Howl Bitmap #cards 512 size 80 coarsen threshold 460 Card regions per heap region 1 cards per card region 2048
 CPUs: 12 total, 12 available
 Memory: 7560M
 Large Page Support: Disabled
 NUMA Support: Disabled
 Compressed Oops: Enabled (32-bit)
 Heap Region Size: 1M
 Heap Min Capacity: 8M
 Heap Initial Capacity: 120M
 Heap Max Capacity: 1G
 Pre-touch: Disabled
 Parallel Workers: 10
 Concurrent Workers: 3
 Concurrent Refinement Workers: 10
 Periodic GC: Disabled
Heap:
 garbage-first heap   total 100352K, used 42887K [0x00000000c0000000, 0x0000000100000000)
  region size 1024K, 1 young (1024K), 0 survivors (0K)
 Metaspace       used 56581K, committed 57344K, reserved 1114112K
  class space    used 6998K, committed 7360K, reserved 1048576K
GC Heap History (20 events):
Event: 62026.733 GC heap after
{Heap after GC invocations=1034 (full 980):
 garbage-first heap   total 100352K, used 42887K [0x00000000c0000000, 0x0000000100000000)
  region size 1024K, 0 young (0K), 0 survivors (0K)
 Metaspace       used 56581K, committed 57344K, reserved 1114112K
  class space    used 6998K, committed 7360K, reserved 1048576K
}
Event: 62036.958 GC heap before
{Heap before GC invocations=1034 (full 980):
 garbage-first heap   total 100352K, used 42887K [0x00000000c0000000, 0x0000000100000000)
  region size 1024K, 1 young (1024K), 0 survivors (0K)
 Metaspace       used 56581K, committed 57344K, reserved 1114112K
  class space    used 6998K, committed 7360K, reserved 1048576K
}
Event: 62037.034 GC heap after
{Heap after GC invocations=1035 (full 981):
 garbage-first heap   total 100352K, used 42887K [0x00000000c0000000, 0x0000000100000000)
  region size 1024K, 0 young (0K), 0 survivors (0K)
 Metaspace       used 56581K, committed 57344K, reserved 1114112K
  class space    used 6998K, committed 7360K, reserved 1048576K
}
Event: 62047.246 GC heap before
{Heap before GC invocations=1035 (full 981):
 garbage-first heap   total 100352K, used 42887K [0x00000000c0000000, 0x0000000100000000)
  region size 1024K, 1 young (1024K), 0 survivors (0K)
 Metaspace       used 56581K, committed 57344K, reserved 1114112K
  class space    used 6998K, committed 7360K, reserved 1048576K
}
Event: 62047.325 GC heap after
{Heap after GC invocations=1036 (full 982):
 garbage-first heap   total 100352K, used 42887K [0x00000000c0000000, 0x0000000100000000)
  region size 1024K, 0 young (0K), 0 survivors (0K)
 Metaspace       used 56581K, committed 57344K, reserved 1114112K
  class space    used 6998K, committed 7360K, reserved 1048576K
}
Event: 62057.528 GC heap before
{Heap before GC invocations=1036 (full 982):
 garbage-first heap   total 100352K, used 42887K [0x00000000c0000000, 0x0000000100000000)
  region size 1024K, 1 young (1024K), 0 survivors (0K)
 Metaspace       used 56581K, committed 57344K, reserved 1114112K
  class space    used 6998K, committed 7360K, reserved 1048576K
}
Event: 62057.592 GC heap after
{Heap after GC invocations=1037 (full 983):
 garbage-first heap   total 100352K, used 42887K [0x00000000c0000000, 0x0000000100000000)
  region size 1024K, 0 young (0K), 0 survivors (0K)
 Metaspace       used 56581K, committed 57344K, reserved 1114112K
  class space    used 6998K, committed 7360K, reserved 1048576K
}
Event: 62067.773 GC heap before
{Heap before GC invocations=1037 (full 983):
 garbage-first heap   total 100352K, used 42887K [0x00000000c0000000, 0x0000000100000000)
  region size 1024K, 1 young (1024K), 0 survivors (0K)
 Metaspace       used 56581K, committed 57344K, reserved 1114112K
  class space    used 6998K, committed 7360K, reserved 1048576K
}
Event: 62067.822 GC heap after
{Heap after GC invocations=1038 (full 984):
 garbage-first heap   total 100352K, used 42887K [0x00000000c0000000, 0x0000000100000000)
  region size 1024K, 0 young (0K), 0 survivors (0K)
 Metaspace       used 56581K, committed 57344K, reserved 1114112K
  class space    used 6998K, committed 7360K, reserved 1048576K
}
Event: 62078.044 GC heap before
{Heap before GC invocations=1038 (full 984):
 garbage-first heap   total 100352K, used 42887K [0x00000000c0000000, 0x0000000100000000)
  region size 1024K, 1 young (1024K), 0 survivors (0K)
 Metaspace       used 56581K, committed 57344K, reserved 1114112K
  class space    used 6998K, committed 7360K, reserved 1048576K
}
Event: 62078.104 GC heap after
{Heap after GC invocations=1039 (full 985):
 garbage-first heap   total 100352K, used 42887K [0x00000000c0000000, 0x0000000100000000)
  region size 1024K, 0 young (0K), 0 survivors (0K)
 Metaspace       used 56581K, committed 57344K, reserved 1114112K
  class space    used 6998K, committed 7360K, reserved 1048576K
}
Event: 62088.306 GC heap before
{Heap before GC invocations=1039 (full 985):
 garbage-first heap   total 100352K, used 42887K [0x00000000c0000000, 0x0000000100000000)
  region size 1024K, 1 young (1024K), 0 survivors (0K)
 Metaspace       used 56581K, committed 57344K, reserved 1114112K
  class space    used 6998K, committed 7360K, reserved 1048576K
}
Event: 62088.361 GC heap after
{Heap after GC invocations=1040 (full 986):
 garbage-first heap   total 100352K, used 42887K [0x00000000c0000000, 0x0000000100000000)
  region size 1024K, 0 young (0K), 0 survivors (0K)
 Metaspace       used 56581K, committed 57344K, reserved 1114112K
  class space    used 6998K, committed 7360K, reserved 1048576K
}
Event: 62098.569 GC heap before
{Heap before GC invocations=1040 (full 986):
 garbage-first heap   total 100352K, used 42887K [0x00000000c0000000, 0x0000000100000000)
  region size 1024K, 1 young (1024K), 0 survivors (0K)
 Metaspace       used 56581K, committed 57344K, reserved 1114112K
  class space    used 6998K, committed 7360K, reserved 1048576K
}
Event: 62098.626 GC heap after
{Heap after GC invocations=1041 (full 987):
 garbage-first heap   total 100352K, used 42887K [0x00000000c0000000, 0x0000000100000000)
  region size 1024K, 0 young (0K), 0 survivors (0K)
 Metaspace       used 56581K, committed 57344K, reserved 1114112K
  class space    used 6998K, committed 7360K, reserved 1048576K
}
Event: 62108.800 GC heap before
{Heap before GC invocations=1041 (full 987):
 garbage-first heap   total 100352K, used 42887K [0x00000000c0000000, 0x0000000100000000)
  region size 1024K, 1 young (1024K), 0 survivors (0K)
 Metaspace       used 56581K, committed 57344K, reserved 1114112K
  class space    used 6998K, committed 7360K, reserved 1048576K
}
Event: 62108.851 GC heap after
{Heap after GC invocations=1042 (full 988):
 garbage-first heap   total 100352K, used 42887K [0x00000000c0000000, 0x0000000100000000)
  region size 1024K, 0 young (0K), 0 survivors (0K)
 Metaspace       used 56581K, committed 57344K, reserved 1114112K
  class space    used 6998K, committed 7360K, reserved 1048576K
}
Event: 62119.047 GC heap before
{Heap before GC invocations=1042 (full 988):
 garbage-first heap   total 100352K, used 42887K [0x00000000c0000000, 0x0000000100000000)
  region size 1024K, 1 young (1024K), 0 survivors (0K)
 Metaspace       used 56581K, committed 57344K, reserved 1114112K
  class space    used 6998K, committed 7360K, reserved 1048576K
}
Event: 62119.100 GC heap after
{Heap after GC invocations=1043 (full 989):
 garbage-first heap   total 100352K, used 42887K [0x00000000c0000000, 0x0000000100000000)
  region size 1024K, 0 young (0K), 0 survivors (0K)
 Metaspace       used 56581K, committed 57344K, reserved 1114112K
  class space    used 6998K, committed 7360K, reserved 1048576K
}
Event: 62129.144 GC heap before
{Heap before GC invocations=1043 (full 989):
 garbage-first heap   total 100352K, used 42887K [0x00000000c0000000, 0x0000000100000000)
  region size 1024K, 1 young (1024K), 0 survivors (0K)
 Metaspace       used 56581K, committed 57344K, reserved 1114112K
  class space    used 6998K, committed 7360K, reserved 1048576K
}

